2019-01-27 10:44:32,375 [main] INFO  c.y.s.SpringBootDemoApplication 50 - Starting SpringBootDemoApplication on rainyuidianxx with PID 12536 (G:\IDE_workplace\springBootDemo\target\classes started by Administrator in G:\IDE_workplace\springBootDemo)
2019-01-27 10:44:32,375 [main] INFO  c.y.s.SpringBootDemoApplication 675 - No active profile set, falling back to default profiles: default
2019-01-27 10:44:32,906 [main] INFO  o.s.b.w.e.tomcat.TomcatWebServer 90 - Tomcat initialized with port(s): 9090 (http)
2019-01-27 10:44:32,922 [main] INFO  o.a.coyote.http11.Http11NioProtocol 173 - Initializing ProtocolHandler ["http-nio-9090"]
2019-01-27 10:44:32,922 [main] INFO  o.a.catalina.core.StandardService 173 - Starting service [Tomcat]
2019-01-27 10:44:32,922 [main] INFO  o.a.catalina.core.StandardEngine 173 - Starting Servlet engine: [Apache Tomcat/9.0.14]
2019-01-27 10:44:32,922 [main] INFO  o.a.c.core.AprLifecycleListener 173 - The APR based Apache Tomcat Native library which allows optimal performance in production environments was not found on the java.library.path: [G:\JDK1.8\bin;C:\WINDOWS\Sun\Java\bin;C:\WINDOWS\system32;C:\WINDOWS;C:\Program Files (x86)\Common Files\Oracle\Java\javapath;C:\WINDOWS\system32;C:\WINDOWS;C:\WINDOWS\System32\Wbem;C:\WINDOWS\System32\WindowsPowerShell\v1.0\;G:\JDK1.8\bin;G:\apache-maven-3.5.4-bin\apache-maven-3.5.4\bin;G:\mysql-8.0.13-winx64\bin;C:\Program Files (x86)\Common Files\Thunder Network\KanKan\Codecs;C:\WINDOWS\System32\OpenSSH\;H:\svn\bin;G:\Git\cmd;G:\Erlang\erl10.2\bin;G:\apache-tomcat-8.5.34(Jenkins）\apache-tomcat-8.5.34\bin\;G:\Python\Scripts\;G:\Python\;C:\Users\Administrator\AppData\Local\Programs\Python\Launcher\;C:\Users\Administrator\AppData\Local\Microsoft\WindowsApps;;G:\PyCharm Community Edition 2018.3.2\bin;;M:\OpenVPN\bin;.]
2019-01-27 10:44:32,984 [main] INFO  o.a.c.c.C.[Tomcat].[localhost].[/] 173 - Initializing Spring embedded WebApplicationContext
2019-01-27 10:44:32,984 [main] INFO  o.s.web.context.ContextLoader 296 - Root WebApplicationContext: initialization completed in 578 ms
2019-01-27 10:44:33,078 [main] INFO  o.s.s.c.ThreadPoolTaskExecutor 171 - Initializing ExecutorService 'applicationTaskExecutor'
2019-01-27 10:44:33,155 [main] INFO  o.a.coyote.http11.Http11NioProtocol 173 - Starting ProtocolHandler ["http-nio-9090"]
2019-01-27 10:44:33,166 [main] INFO  o.s.b.w.e.tomcat.TomcatWebServer 204 - Tomcat started on port(s): 9090 (http) with context path ''
2019-01-27 10:44:33,168 [main] INFO  c.y.s.SpringBootDemoApplication 59 - Started SpringBootDemoApplication in 0.98 seconds (JVM running for 1.457)
2019-01-27 10:44:36,362 [http-nio-9090-exec-1] INFO  o.a.c.c.C.[Tomcat].[localhost].[/] 173 - Initializing Spring DispatcherServlet 'dispatcherServlet'
2019-01-27 10:44:36,362 [http-nio-9090-exec-1] INFO  o.s.web.servlet.DispatcherServlet 524 - Initializing Servlet 'dispatcherServlet'
2019-01-27 10:44:36,365 [http-nio-9090-exec-1] INFO  o.s.web.servlet.DispatcherServlet 546 - Completed initialization in 3 ms
2019-01-27 10:44:36,375 [http-nio-9090-exec-1] INFO  c.y.s.c.HelloWorldController 24 - this is a info message
2019-01-27 10:44:36,375 [http-nio-9090-exec-1] WARN  c.y.s.c.HelloWorldController 25 - this is a warn message
2019-01-27 10:47:48,449 [main] INFO  c.y.s.SpringBootDemoApplication 50 - Starting SpringBootDemoApplication on rainyuidianxx with PID 9220 (G:\IDE_workplace\springBootDemo\target\classes started by Administrator in G:\IDE_workplace\springBootDemo)
2019-01-27 10:47:48,449 [main] INFO  c.y.s.SpringBootDemoApplication 675 - No active profile set, falling back to default profiles: default
2019-01-27 10:47:48,981 [main] INFO  o.s.b.w.e.tomcat.TomcatWebServer 90 - Tomcat initialized with port(s): 9090 (http)
2019-01-27 10:47:48,983 [main] INFO  o.a.coyote.http11.Http11NioProtocol 173 - Initializing ProtocolHandler ["http-nio-9090"]
2019-01-27 10:47:48,983 [main] INFO  o.a.catalina.core.StandardService 173 - Starting service [Tomcat]
2019-01-27 10:47:48,983 [main] INFO  o.a.catalina.core.StandardEngine 173 - Starting Servlet engine: [Apache Tomcat/9.0.14]
2019-01-27 10:47:48,983 [main] INFO  o.a.c.core.AprLifecycleListener 173 - The APR based Apache Tomcat Native library which allows optimal performance in production environments was not found on the java.library.path: [G:\JDK1.8\bin;C:\WINDOWS\Sun\Java\bin;C:\WINDOWS\system32;C:\WINDOWS;C:\Program Files (x86)\Common Files\Oracle\Java\javapath;C:\WINDOWS\system32;C:\WINDOWS;C:\WINDOWS\System32\Wbem;C:\WINDOWS\System32\WindowsPowerShell\v1.0\;G:\JDK1.8\bin;G:\apache-maven-3.5.4-bin\apache-maven-3.5.4\bin;G:\mysql-8.0.13-winx64\bin;C:\Program Files (x86)\Common Files\Thunder Network\KanKan\Codecs;C:\WINDOWS\System32\OpenSSH\;H:\svn\bin;G:\Git\cmd;G:\Erlang\erl10.2\bin;G:\apache-tomcat-8.5.34(Jenkins）\apache-tomcat-8.5.34\bin\;G:\Python\Scripts\;G:\Python\;C:\Users\Administrator\AppData\Local\Programs\Python\Launcher\;C:\Users\Administrator\AppData\Local\Microsoft\WindowsApps;;G:\PyCharm Community Edition 2018.3.2\bin;;M:\OpenVPN\bin;.]
2019-01-27 10:47:49,045 [main] INFO  o.a.c.c.C.[Tomcat].[localhost].[/] 173 - Initializing Spring embedded WebApplicationContext
2019-01-27 10:47:49,045 [main] INFO  o.s.web.context.ContextLoader 296 - Root WebApplicationContext: initialization completed in 580 ms
2019-01-27 10:47:49,155 [main] INFO  o.s.s.c.ThreadPoolTaskExecutor 171 - Initializing ExecutorService 'applicationTaskExecutor'
2019-01-27 10:47:49,222 [main] INFO  o.a.coyote.http11.Http11NioProtocol 173 - Starting ProtocolHandler ["http-nio-9090"]
2019-01-27 10:47:49,238 [main] INFO  o.s.b.w.e.tomcat.TomcatWebServer 204 - Tomcat started on port(s): 9090 (http) with context path ''
2019-01-27 10:47:49,238 [main] INFO  c.y.s.SpringBootDemoApplication 59 - Started SpringBootDemoApplication in 0.961 seconds (JVM running for 1.403)
2019-01-27 10:47:53,680 [http-nio-9090-exec-1] INFO  o.a.c.c.C.[Tomcat].[localhost].[/] 173 - Initializing Spring DispatcherServlet 'dispatcherServlet'
2019-01-27 10:47:53,680 [http-nio-9090-exec-1] INFO  o.s.web.servlet.DispatcherServlet 524 - Initializing Servlet 'dispatcherServlet'
2019-01-27 10:47:53,682 [http-nio-9090-exec-1] INFO  o.s.web.servlet.DispatcherServlet 546 - Completed initialization in 2 ms
2019-01-27 10:47:53,692 [http-nio-9090-exec-1] INFO  c.y.s.c.HelloWorldController 24 - this is a info message
2019-01-27 10:47:53,692 [http-nio-9090-exec-1] WARN  c.y.s.c.HelloWorldController 25 - this is a warn message
